<?xml version="1.0" encoding="UTF-8"?>
<testsuite xmlns:xsi="http://www.w3.org/2001/XMLSchema-instance" xsi:noNamespaceSchemaLocation="https://maven.apache.org/surefire/maven-surefire-plugin/xsd/surefire-test-report.xsd" name="com.jt.redis.TestRedisSentinel" time="1.014" tests="1" errors="1" skipped="0" failures="0">
  <properties>
    <property name="sun.desktop" value="windows"/>
    <property name="awt.toolkit" value="sun.awt.windows.WToolkit"/>
    <property name="file.encoding.pkg" value="sun.io"/>
    <property name="java.specification.version" value="1.8"/>
    <property name="sun.cpu.isalist" value="amd64"/>
    <property name="sun.jnu.encoding" value="GBK"/>
    <property name="java.class.path" value="D:\eclipse_web_project\jt-software\workspace\jt\jt-manage\target\test-classes;D:\eclipse_web_project\jt-software\workspace\jt\jt-manage\target\classes;D:\apache-maven-3.6.2\software\com\jt\1812\jt-common\0.0.1-SNAPSHOT\jt-common-0.0.1-SNAPSHOT.jar;D:\apache-maven-3.6.2\software\org\springframework\boot\spring-boot-starter-web\2.1.9.RELEASE\spring-boot-starter-web-2.1.9.RELEASE.jar;D:\apache-maven-3.6.2\software\org\springframework\boot\spring-boot-starter\2.1.9.RELEASE\spring-boot-starter-2.1.9.RELEASE.jar;D:\apache-maven-3.6.2\software\org\springframework\boot\spring-boot-starter-logging\2.1.9.RELEASE\spring-boot-starter-logging-2.1.9.RELEASE.jar;D:\apache-maven-3.6.2\software\ch\qos\logback\logback-classic\1.2.3\logback-classic-1.2.3.jar;D:\apache-maven-3.6.2\software\ch\qos\logback\logback-core\1.2.3\logback-core-1.2.3.jar;D:\apache-maven-3.6.2\software\org\apache\logging\log4j\log4j-to-slf4j\2.11.2\log4j-to-slf4j-2.11.2.jar;D:\apache-maven-3.6.2\software\org\apache\logging\log4j\log4j-api\2.11.2\log4j-api-2.11.2.jar;D:\apache-maven-3.6.2\software\org\slf4j\jul-to-slf4j\1.7.28\jul-to-slf4j-1.7.28.jar;D:\apache-maven-3.6.2\software\javax\annotation\javax.annotation-api\1.3.2\javax.annotation-api-1.3.2.jar;D:\apache-maven-3.6.2\software\org\yaml\snakeyaml\1.23\snakeyaml-1.23.jar;D:\apache-maven-3.6.2\software\org\springframework\boot\spring-boot-starter-json\2.1.9.RELEASE\spring-boot-starter-json-2.1.9.RELEASE.jar;D:\apache-maven-3.6.2\software\com\fasterxml\jackson\core\jackson-databind\2.9.9.3\jackson-databind-2.9.9.3.jar;D:\apache-maven-3.6.2\software\com\fasterxml\jackson\core\jackson-annotations\2.9.0\jackson-annotations-2.9.0.jar;D:\apache-maven-3.6.2\software\com\fasterxml\jackson\core\jackson-core\2.9.9\jackson-core-2.9.9.jar;D:\apache-maven-3.6.2\software\com\fasterxml\jackson\datatype\jackson-datatype-jdk8\2.9.9\jackson-datatype-jdk8-2.9.9.jar;D:\apache-maven-3.6.2\software\com\fasterxml\jackson\datatype\jackson-datatype-jsr310\2.9.9\jackson-datatype-jsr310-2.9.9.jar;D:\apache-maven-3.6.2\software\com\fasterxml\jackson\module\jackson-module-parameter-names\2.9.9\jackson-module-parameter-names-2.9.9.jar;D:\apache-maven-3.6.2\software\org\springframework\boot\spring-boot-starter-tomcat\2.1.9.RELEASE\spring-boot-starter-tomcat-2.1.9.RELEASE.jar;D:\apache-maven-3.6.2\software\org\apache\tomcat\embed\tomcat-embed-websocket\9.0.26\tomcat-embed-websocket-9.0.26.jar;D:\apache-maven-3.6.2\software\org\hibernate\validator\hibernate-validator\6.0.17.Final\hibernate-validator-6.0.17.Final.jar;D:\apache-maven-3.6.2\software\javax\validation\validation-api\2.0.1.Final\validation-api-2.0.1.Final.jar;D:\apache-maven-3.6.2\software\org\jboss\logging\jboss-logging\3.3.3.Final\jboss-logging-3.3.3.Final.jar;D:\apache-maven-3.6.2\software\com\fasterxml\classmate\1.4.0\classmate-1.4.0.jar;D:\apache-maven-3.6.2\software\org\springframework\spring-web\5.1.10.RELEASE\spring-web-5.1.10.RELEASE.jar;D:\apache-maven-3.6.2\software\org\springframework\spring-beans\5.1.10.RELEASE\spring-beans-5.1.10.RELEASE.jar;D:\apache-maven-3.6.2\software\org\springframework\spring-webmvc\5.1.10.RELEASE\spring-webmvc-5.1.10.RELEASE.jar;D:\apache-maven-3.6.2\software\org\springframework\spring-context\5.1.10.RELEASE\spring-context-5.1.10.RELEASE.jar;D:\apache-maven-3.6.2\software\org\springframework\spring-expression\5.1.10.RELEASE\spring-expression-5.1.10.RELEASE.jar;D:\apache-maven-3.6.2\software\org\springframework\boot\spring-boot-starter-aop\2.1.9.RELEASE\spring-boot-starter-aop-2.1.9.RELEASE.jar;D:\apache-maven-3.6.2\software\org\springframework\spring-aop\5.1.10.RELEASE\spring-aop-5.1.10.RELEASE.jar;D:\apache-maven-3.6.2\software\org\aspectj\aspectjweaver\1.9.4\aspectjweaver-1.9.4.jar;D:\apache-maven-3.6.2\software\org\springframework\boot\spring-boot-starter-test\2.1.9.RELEASE\spring-boot-starter-test-2.1.9.RELEASE.jar;D:\apache-maven-3.6.2\software\org\springframework\boot\spring-boot-test\2.1.9.RELEASE\spring-boot-test-2.1.9.RELEASE.jar;D:\apache-maven-3.6.2\software\org\springframework\boot\spring-boot-test-autoconfigure\2.1.9.RELEASE\spring-boot-test-autoconfigure-2.1.9.RELEASE.jar;D:\apache-maven-3.6.2\software\com\jayway\jsonpath\json-path\2.4.0\json-path-2.4.0.jar;D:\apache-maven-3.6.2\software\net\minidev\json-smart\2.3\json-smart-2.3.jar;D:\apache-maven-3.6.2\software\net\minidev\accessors-smart\1.2\accessors-smart-1.2.jar;D:\apache-maven-3.6.2\software\org\ow2\asm\asm\5.0.4\asm-5.0.4.jar;D:\apache-maven-3.6.2\software\junit\junit\4.12\junit-4.12.jar;D:\apache-maven-3.6.2\software\org\assertj\assertj-core\3.11.1\assertj-core-3.11.1.jar;D:\apache-maven-3.6.2\software\org\mockito\mockito-core\2.23.4\mockito-core-2.23.4.jar;D:\apache-maven-3.6.2\software\net\bytebuddy\byte-buddy\1.9.16\byte-buddy-1.9.16.jar;D:\apache-maven-3.6.2\software\net\bytebuddy\byte-buddy-agent\1.9.16\byte-buddy-agent-1.9.16.jar;D:\apache-maven-3.6.2\software\org\objenesis\objenesis\2.6\objenesis-2.6.jar;D:\apache-maven-3.6.2\software\org\hamcrest\hamcrest-core\1.3\hamcrest-core-1.3.jar;D:\apache-maven-3.6.2\software\org\hamcrest\hamcrest-library\1.3\hamcrest-library-1.3.jar;D:\apache-maven-3.6.2\software\org\skyscreamer\jsonassert\1.5.0\jsonassert-1.5.0.jar;D:\apache-maven-3.6.2\software\com\vaadin\external\google\android-json\0.0.20131108.vaadin1\android-json-0.0.20131108.vaadin1.jar;D:\apache-maven-3.6.2\software\org\springframework\spring-core\5.1.10.RELEASE\spring-core-5.1.10.RELEASE.jar;D:\apache-maven-3.6.2\software\org\springframework\spring-jcl\5.1.10.RELEASE\spring-jcl-5.1.10.RELEASE.jar;D:\apache-maven-3.6.2\software\org\springframework\spring-test\5.1.10.RELEASE\spring-test-5.1.10.RELEASE.jar;D:\apache-maven-3.6.2\software\org\xmlunit\xmlunit-core\2.6.3\xmlunit-core-2.6.3.jar;D:\apache-maven-3.6.2\software\org\springframework\boot\spring-boot-configuration-processor\2.1.9.RELEASE\spring-boot-configuration-processor-2.1.9.RELEASE.jar;D:\apache-maven-3.6.2\software\org\springframework\boot\spring-boot-devtools\2.1.9.RELEASE\spring-boot-devtools-2.1.9.RELEASE.jar;D:\apache-maven-3.6.2\software\org\springframework\boot\spring-boot\2.1.9.RELEASE\spring-boot-2.1.9.RELEASE.jar;D:\apache-maven-3.6.2\software\org\springframework\boot\spring-boot-autoconfigure\2.1.9.RELEASE\spring-boot-autoconfigure-2.1.9.RELEASE.jar;D:\apache-maven-3.6.2\software\org\projectlombok\lombok\1.18.10\lombok-1.18.10.jar;D:\apache-maven-3.6.2\software\mysql\mysql-connector-java\5.1.32\mysql-connector-java-5.1.32.jar;D:\apache-maven-3.6.2\software\com\alibaba\druid\1.1.12\druid-1.1.12.jar;D:\apache-maven-3.6.2\software\org\springframework\boot\spring-boot-starter-jdbc\2.1.9.RELEASE\spring-boot-starter-jdbc-2.1.9.RELEASE.jar;D:\apache-maven-3.6.2\software\com\zaxxer\HikariCP\3.2.0\HikariCP-3.2.0.jar;D:\apache-maven-3.6.2\software\org\springframework\spring-jdbc\5.1.10.RELEASE\spring-jdbc-5.1.10.RELEASE.jar;D:\apache-maven-3.6.2\software\com\baomidou\mybatis-plus-boot-starter\3.2.0\mybatis-plus-boot-starter-3.2.0.jar;D:\apache-maven-3.6.2\software\com\baomidou\mybatis-plus\3.2.0\mybatis-plus-3.2.0.jar;D:\apache-maven-3.6.2\software\com\baomidou\mybatis-plus-extension\3.2.0\mybatis-plus-extension-3.2.0.jar;D:\apache-maven-3.6.2\software\com\baomidou\mybatis-plus-core\3.2.0\mybatis-plus-core-3.2.0.jar;D:\apache-maven-3.6.2\software\com\baomidou\mybatis-plus-annotation\3.2.0\mybatis-plus-annotation-3.2.0.jar;D:\apache-maven-3.6.2\software\com\github\jsqlparser\jsqlparser\2.1\jsqlparser-2.1.jar;D:\apache-maven-3.6.2\software\org\mybatis\mybatis\3.5.2\mybatis-3.5.2.jar;D:\apache-maven-3.6.2\software\org\mybatis\mybatis-spring\2.0.2\mybatis-spring-2.0.2.jar;D:\apache-maven-3.6.2\software\redis\clients\jedis\2.9.3\jedis-2.9.3.jar;D:\apache-maven-3.6.2\software\org\slf4j\slf4j-api\1.7.28\slf4j-api-1.7.28.jar;D:\apache-maven-3.6.2\software\org\apache\commons\commons-pool2\2.6.2\commons-pool2-2.6.2.jar;D:\apache-maven-3.6.2\software\org\springframework\data\spring-data-redis\2.1.11.RELEASE\spring-data-redis-2.1.11.RELEASE.jar;D:\apache-maven-3.6.2\software\org\springframework\data\spring-data-keyvalue\2.1.11.RELEASE\spring-data-keyvalue-2.1.11.RELEASE.jar;D:\apache-maven-3.6.2\software\org\springframework\data\spring-data-commons\2.1.11.RELEASE\spring-data-commons-2.1.11.RELEASE.jar;D:\apache-maven-3.6.2\software\org\springframework\spring-tx\5.1.10.RELEASE\spring-tx-5.1.10.RELEASE.jar;D:\apache-maven-3.6.2\software\org\springframework\spring-oxm\5.1.10.RELEASE\spring-oxm-5.1.10.RELEASE.jar;D:\apache-maven-3.6.2\software\org\springframework\spring-context-support\5.1.10.RELEASE\spring-context-support-5.1.10.RELEASE.jar;D:\apache-maven-3.6.2\software\javax\servlet\javax.servlet-api\4.0.1\javax.servlet-api-4.0.1.jar;D:\apache-maven-3.6.2\software\javax\servlet\jstl\1.2\jstl-1.2.jar;D:\apache-maven-3.6.2\software\org\apache\tomcat\embed\tomcat-embed-jasper\9.0.26\tomcat-embed-jasper-9.0.26.jar;D:\apache-maven-3.6.2\software\org\apache\tomcat\embed\tomcat-embed-core\9.0.26\tomcat-embed-core-9.0.26.jar;D:\apache-maven-3.6.2\software\org\apache\tomcat\tomcat-annotations-api\9.0.26\tomcat-annotations-api-9.0.26.jar;D:\apache-maven-3.6.2\software\org\apache\tomcat\embed\tomcat-embed-el\9.0.26\tomcat-embed-el-9.0.26.jar;D:\apache-maven-3.6.2\software\org\eclipse\jdt\ecj\3.18.0\ecj-3.18.0.jar;D:\apache-maven-3.6.2\software\org\apache\httpcomponents\httpclient\4.5.10\httpclient-4.5.10.jar;D:\apache-maven-3.6.2\software\org\apache\httpcomponents\httpcore\4.4.12\httpcore-4.4.12.jar;D:\apache-maven-3.6.2\software\commons-codec\commons-codec\1.11\commons-codec-1.11.jar;D:\apache-maven-3.6.2\software\org\springframework\boot\spring-boot-starter-quartz\2.1.9.RELEASE\spring-boot-starter-quartz-2.1.9.RELEASE.jar;D:\apache-maven-3.6.2\software\org\quartz-scheduler\quartz\2.3.1\quartz-2.3.1.jar;D:\apache-maven-3.6.2\software\com\mchange\mchange-commons-java\0.2.15\mchange-commons-java-0.2.15.jar;"/>
    <property name="java.vm.vendor" value="Oracle Corporation"/>
    <property name="sun.arch.data.model" value="64"/>
    <property name="user.variant" value=""/>
    <property name="java.vendor.url" value="http://java.oracle.com/"/>
    <property name="user.timezone" value="Asia/Shanghai"/>
    <property name="java.vm.specification.version" value="1.8"/>
    <property name="os.name" value="Windows 10"/>
    <property name="user.country" value="CN"/>
    <property name="sun.java.launcher" value="SUN_STANDARD"/>
    <property name="sun.boot.library.path" value="D:\jdk1.8\jre\bin"/>
    <property name="sun.java.command" value="C:\Users\ADMINI~1\AppData\Local\Temp\surefire5055068255229199203\surefirebooter3423570129821195319.jar C:\Users\Administrator\AppData\Local\Temp\surefire5055068255229199203 2020-01-18T17-42-45_335-jvmRun1 surefire2920698403008932743tmp surefire_05881856886050220314tmp"/>
    <property name="surefire.test.class.path" value="D:\eclipse_web_project\jt-software\workspace\jt\jt-manage\target\test-classes;D:\eclipse_web_project\jt-software\workspace\jt\jt-manage\target\classes;D:\apache-maven-3.6.2\software\com\jt\1812\jt-common\0.0.1-SNAPSHOT\jt-common-0.0.1-SNAPSHOT.jar;D:\apache-maven-3.6.2\software\org\springframework\boot\spring-boot-starter-web\2.1.9.RELEASE\spring-boot-starter-web-2.1.9.RELEASE.jar;D:\apache-maven-3.6.2\software\org\springframework\boot\spring-boot-starter\2.1.9.RELEASE\spring-boot-starter-2.1.9.RELEASE.jar;D:\apache-maven-3.6.2\software\org\springframework\boot\spring-boot-starter-logging\2.1.9.RELEASE\spring-boot-starter-logging-2.1.9.RELEASE.jar;D:\apache-maven-3.6.2\software\ch\qos\logback\logback-classic\1.2.3\logback-classic-1.2.3.jar;D:\apache-maven-3.6.2\software\ch\qos\logback\logback-core\1.2.3\logback-core-1.2.3.jar;D:\apache-maven-3.6.2\software\org\apache\logging\log4j\log4j-to-slf4j\2.11.2\log4j-to-slf4j-2.11.2.jar;D:\apache-maven-3.6.2\software\org\apache\logging\log4j\log4j-api\2.11.2\log4j-api-2.11.2.jar;D:\apache-maven-3.6.2\software\org\slf4j\jul-to-slf4j\1.7.28\jul-to-slf4j-1.7.28.jar;D:\apache-maven-3.6.2\software\javax\annotation\javax.annotation-api\1.3.2\javax.annotation-api-1.3.2.jar;D:\apache-maven-3.6.2\software\org\yaml\snakeyaml\1.23\snakeyaml-1.23.jar;D:\apache-maven-3.6.2\software\org\springframework\boot\spring-boot-starter-json\2.1.9.RELEASE\spring-boot-starter-json-2.1.9.RELEASE.jar;D:\apache-maven-3.6.2\software\com\fasterxml\jackson\core\jackson-databind\2.9.9.3\jackson-databind-2.9.9.3.jar;D:\apache-maven-3.6.2\software\com\fasterxml\jackson\core\jackson-annotations\2.9.0\jackson-annotations-2.9.0.jar;D:\apache-maven-3.6.2\software\com\fasterxml\jackson\core\jackson-core\2.9.9\jackson-core-2.9.9.jar;D:\apache-maven-3.6.2\software\com\fasterxml\jackson\datatype\jackson-datatype-jdk8\2.9.9\jackson-datatype-jdk8-2.9.9.jar;D:\apache-maven-3.6.2\software\com\fasterxml\jackson\datatype\jackson-datatype-jsr310\2.9.9\jackson-datatype-jsr310-2.9.9.jar;D:\apache-maven-3.6.2\software\com\fasterxml\jackson\module\jackson-module-parameter-names\2.9.9\jackson-module-parameter-names-2.9.9.jar;D:\apache-maven-3.6.2\software\org\springframework\boot\spring-boot-starter-tomcat\2.1.9.RELEASE\spring-boot-starter-tomcat-2.1.9.RELEASE.jar;D:\apache-maven-3.6.2\software\org\apache\tomcat\embed\tomcat-embed-websocket\9.0.26\tomcat-embed-websocket-9.0.26.jar;D:\apache-maven-3.6.2\software\org\hibernate\validator\hibernate-validator\6.0.17.Final\hibernate-validator-6.0.17.Final.jar;D:\apache-maven-3.6.2\software\javax\validation\validation-api\2.0.1.Final\validation-api-2.0.1.Final.jar;D:\apache-maven-3.6.2\software\org\jboss\logging\jboss-logging\3.3.3.Final\jboss-logging-3.3.3.Final.jar;D:\apache-maven-3.6.2\software\com\fasterxml\classmate\1.4.0\classmate-1.4.0.jar;D:\apache-maven-3.6.2\software\org\springframework\spring-web\5.1.10.RELEASE\spring-web-5.1.10.RELEASE.jar;D:\apache-maven-3.6.2\software\org\springframework\spring-beans\5.1.10.RELEASE\spring-beans-5.1.10.RELEASE.jar;D:\apache-maven-3.6.2\software\org\springframework\spring-webmvc\5.1.10.RELEASE\spring-webmvc-5.1.10.RELEASE.jar;D:\apache-maven-3.6.2\software\org\springframework\spring-context\5.1.10.RELEASE\spring-context-5.1.10.RELEASE.jar;D:\apache-maven-3.6.2\software\org\springframework\spring-expression\5.1.10.RELEASE\spring-expression-5.1.10.RELEASE.jar;D:\apache-maven-3.6.2\software\org\springframework\boot\spring-boot-starter-aop\2.1.9.RELEASE\spring-boot-starter-aop-2.1.9.RELEASE.jar;D:\apache-maven-3.6.2\software\org\springframework\spring-aop\5.1.10.RELEASE\spring-aop-5.1.10.RELEASE.jar;D:\apache-maven-3.6.2\software\org\aspectj\aspectjweaver\1.9.4\aspectjweaver-1.9.4.jar;D:\apache-maven-3.6.2\software\org\springframework\boot\spring-boot-starter-test\2.1.9.RELEASE\spring-boot-starter-test-2.1.9.RELEASE.jar;D:\apache-maven-3.6.2\software\org\springframework\boot\spring-boot-test\2.1.9.RELEASE\spring-boot-test-2.1.9.RELEASE.jar;D:\apache-maven-3.6.2\software\org\springframework\boot\spring-boot-test-autoconfigure\2.1.9.RELEASE\spring-boot-test-autoconfigure-2.1.9.RELEASE.jar;D:\apache-maven-3.6.2\software\com\jayway\jsonpath\json-path\2.4.0\json-path-2.4.0.jar;D:\apache-maven-3.6.2\software\net\minidev\json-smart\2.3\json-smart-2.3.jar;D:\apache-maven-3.6.2\software\net\minidev\accessors-smart\1.2\accessors-smart-1.2.jar;D:\apache-maven-3.6.2\software\org\ow2\asm\asm\5.0.4\asm-5.0.4.jar;D:\apache-maven-3.6.2\software\junit\junit\4.12\junit-4.12.jar;D:\apache-maven-3.6.2\software\org\assertj\assertj-core\3.11.1\assertj-core-3.11.1.jar;D:\apache-maven-3.6.2\software\org\mockito\mockito-core\2.23.4\mockito-core-2.23.4.jar;D:\apache-maven-3.6.2\software\net\bytebuddy\byte-buddy\1.9.16\byte-buddy-1.9.16.jar;D:\apache-maven-3.6.2\software\net\bytebuddy\byte-buddy-agent\1.9.16\byte-buddy-agent-1.9.16.jar;D:\apache-maven-3.6.2\software\org\objenesis\objenesis\2.6\objenesis-2.6.jar;D:\apache-maven-3.6.2\software\org\hamcrest\hamcrest-core\1.3\hamcrest-core-1.3.jar;D:\apache-maven-3.6.2\software\org\hamcrest\hamcrest-library\1.3\hamcrest-library-1.3.jar;D:\apache-maven-3.6.2\software\org\skyscreamer\jsonassert\1.5.0\jsonassert-1.5.0.jar;D:\apache-maven-3.6.2\software\com\vaadin\external\google\android-json\0.0.20131108.vaadin1\android-json-0.0.20131108.vaadin1.jar;D:\apache-maven-3.6.2\software\org\springframework\spring-core\5.1.10.RELEASE\spring-core-5.1.10.RELEASE.jar;D:\apache-maven-3.6.2\software\org\springframework\spring-jcl\5.1.10.RELEASE\spring-jcl-5.1.10.RELEASE.jar;D:\apache-maven-3.6.2\software\org\springframework\spring-test\5.1.10.RELEASE\spring-test-5.1.10.RELEASE.jar;D:\apache-maven-3.6.2\software\org\xmlunit\xmlunit-core\2.6.3\xmlunit-core-2.6.3.jar;D:\apache-maven-3.6.2\software\org\springframework\boot\spring-boot-configuration-processor\2.1.9.RELEASE\spring-boot-configuration-processor-2.1.9.RELEASE.jar;D:\apache-maven-3.6.2\software\org\springframework\boot\spring-boot-devtools\2.1.9.RELEASE\spring-boot-devtools-2.1.9.RELEASE.jar;D:\apache-maven-3.6.2\software\org\springframework\boot\spring-boot\2.1.9.RELEASE\spring-boot-2.1.9.RELEASE.jar;D:\apache-maven-3.6.2\software\org\springframework\boot\spring-boot-autoconfigure\2.1.9.RELEASE\spring-boot-autoconfigure-2.1.9.RELEASE.jar;D:\apache-maven-3.6.2\software\org\projectlombok\lombok\1.18.10\lombok-1.18.10.jar;D:\apache-maven-3.6.2\software\mysql\mysql-connector-java\5.1.32\mysql-connector-java-5.1.32.jar;D:\apache-maven-3.6.2\software\com\alibaba\druid\1.1.12\druid-1.1.12.jar;D:\apache-maven-3.6.2\software\org\springframework\boot\spring-boot-starter-jdbc\2.1.9.RELEASE\spring-boot-starter-jdbc-2.1.9.RELEASE.jar;D:\apache-maven-3.6.2\software\com\zaxxer\HikariCP\3.2.0\HikariCP-3.2.0.jar;D:\apache-maven-3.6.2\software\org\springframework\spring-jdbc\5.1.10.RELEASE\spring-jdbc-5.1.10.RELEASE.jar;D:\apache-maven-3.6.2\software\com\baomidou\mybatis-plus-boot-starter\3.2.0\mybatis-plus-boot-starter-3.2.0.jar;D:\apache-maven-3.6.2\software\com\baomidou\mybatis-plus\3.2.0\mybatis-plus-3.2.0.jar;D:\apache-maven-3.6.2\software\com\baomidou\mybatis-plus-extension\3.2.0\mybatis-plus-extension-3.2.0.jar;D:\apache-maven-3.6.2\software\com\baomidou\mybatis-plus-core\3.2.0\mybatis-plus-core-3.2.0.jar;D:\apache-maven-3.6.2\software\com\baomidou\mybatis-plus-annotation\3.2.0\mybatis-plus-annotation-3.2.0.jar;D:\apache-maven-3.6.2\software\com\github\jsqlparser\jsqlparser\2.1\jsqlparser-2.1.jar;D:\apache-maven-3.6.2\software\org\mybatis\mybatis\3.5.2\mybatis-3.5.2.jar;D:\apache-maven-3.6.2\software\org\mybatis\mybatis-spring\2.0.2\mybatis-spring-2.0.2.jar;D:\apache-maven-3.6.2\software\redis\clients\jedis\2.9.3\jedis-2.9.3.jar;D:\apache-maven-3.6.2\software\org\slf4j\slf4j-api\1.7.28\slf4j-api-1.7.28.jar;D:\apache-maven-3.6.2\software\org\apache\commons\commons-pool2\2.6.2\commons-pool2-2.6.2.jar;D:\apache-maven-3.6.2\software\org\springframework\data\spring-data-redis\2.1.11.RELEASE\spring-data-redis-2.1.11.RELEASE.jar;D:\apache-maven-3.6.2\software\org\springframework\data\spring-data-keyvalue\2.1.11.RELEASE\spring-data-keyvalue-2.1.11.RELEASE.jar;D:\apache-maven-3.6.2\software\org\springframework\data\spring-data-commons\2.1.11.RELEASE\spring-data-commons-2.1.11.RELEASE.jar;D:\apache-maven-3.6.2\software\org\springframework\spring-tx\5.1.10.RELEASE\spring-tx-5.1.10.RELEASE.jar;D:\apache-maven-3.6.2\software\org\springframework\spring-oxm\5.1.10.RELEASE\spring-oxm-5.1.10.RELEASE.jar;D:\apache-maven-3.6.2\software\org\springframework\spring-context-support\5.1.10.RELEASE\spring-context-support-5.1.10.RELEASE.jar;D:\apache-maven-3.6.2\software\javax\servlet\javax.servlet-api\4.0.1\javax.servlet-api-4.0.1.jar;D:\apache-maven-3.6.2\software\javax\servlet\jstl\1.2\jstl-1.2.jar;D:\apache-maven-3.6.2\software\org\apache\tomcat\embed\tomcat-embed-jasper\9.0.26\tomcat-embed-jasper-9.0.26.jar;D:\apache-maven-3.6.2\software\org\apache\tomcat\embed\tomcat-embed-core\9.0.26\tomcat-embed-core-9.0.26.jar;D:\apache-maven-3.6.2\software\org\apache\tomcat\tomcat-annotations-api\9.0.26\tomcat-annotations-api-9.0.26.jar;D:\apache-maven-3.6.2\software\org\apache\tomcat\embed\tomcat-embed-el\9.0.26\tomcat-embed-el-9.0.26.jar;D:\apache-maven-3.6.2\software\org\eclipse\jdt\ecj\3.18.0\ecj-3.18.0.jar;D:\apache-maven-3.6.2\software\org\apache\httpcomponents\httpclient\4.5.10\httpclient-4.5.10.jar;D:\apache-maven-3.6.2\software\org\apache\httpcomponents\httpcore\4.4.12\httpcore-4.4.12.jar;D:\apache-maven-3.6.2\software\commons-codec\commons-codec\1.11\commons-codec-1.11.jar;D:\apache-maven-3.6.2\software\org\springframework\boot\spring-boot-starter-quartz\2.1.9.RELEASE\spring-boot-starter-quartz-2.1.9.RELEASE.jar;D:\apache-maven-3.6.2\software\org\quartz-scheduler\quartz\2.3.1\quartz-2.3.1.jar;D:\apache-maven-3.6.2\software\com\mchange\mchange-commons-java\0.2.15\mchange-commons-java-0.2.15.jar;"/>
    <property name="sun.cpu.endian" value="little"/>
    <property name="user.home" value="C:\Users\Administrator"/>
    <property name="user.language" value="zh"/>
    <property name="java.specification.vendor" value="Oracle Corporation"/>
    <property name="java.home" value="D:\jdk1.8\jre"/>
    <property name="basedir" value="D:\eclipse_web_project\jt-software\workspace\jt\jt-manage"/>
    <property name="file.separator" value="\"/>
    <property name="line.separator" value="&#10;"/>
    <property name="java.vm.specification.vendor" value="Oracle Corporation"/>
    <property name="java.specification.name" value="Java Platform API Specification"/>
    <property name="java.awt.graphicsenv" value="sun.awt.Win32GraphicsEnvironment"/>
    <property name="surefire.real.class.path" value="C:\Users\ADMINI~1\AppData\Local\Temp\surefire5055068255229199203\surefirebooter3423570129821195319.jar"/>
    <property name="sun.boot.class.path" value="D:\jdk1.8\jre\lib\resources.jar;D:\jdk1.8\jre\lib\rt.jar;D:\jdk1.8\jre\lib\sunrsasign.jar;D:\jdk1.8\jre\lib\jsse.jar;D:\jdk1.8\jre\lib\jce.jar;D:\jdk1.8\jre\lib\charsets.jar;D:\jdk1.8\jre\lib\jfr.jar;D:\jdk1.8\jre\classes"/>
    <property name="user.script" value=""/>
    <property name="sun.management.compiler" value="HotSpot 64-Bit Tiered Compilers"/>
    <property name="java.runtime.version" value="1.8.0_221-b11"/>
    <property name="user.name" value="Administrator"/>
    <property name="path.separator" value=";"/>
    <property name="os.version" value="10.0"/>
    <property name="java.endorsed.dirs" value="D:\jdk1.8\jre\lib\endorsed"/>
    <property name="java.runtime.name" value="Java(TM) SE Runtime Environment"/>
    <property name="file.encoding" value="GBK"/>
    <property name="java.vm.name" value="Java HotSpot(TM) 64-Bit Server VM"/>
    <property name="localRepository" value="D:\apache-maven-3.6.2\software"/>
    <property name="java.vendor.url.bug" value="http://bugreport.sun.com/bugreport/"/>
    <property name="java.io.tmpdir" value="C:\Users\ADMINI~1\AppData\Local\Temp\"/>
    <property name="java.version" value="1.8.0_221"/>
    <property name="user.dir" value="D:\eclipse_web_project\jt-software\workspace\jt\jt-manage"/>
    <property name="os.arch" value="amd64"/>
    <property name="java.vm.specification.name" value="Java Virtual Machine Specification"/>
    <property name="java.awt.printerjob" value="sun.awt.windows.WPrinterJob"/>
    <property name="sun.os.patch.level" value=""/>
    <property name="java.library.path" value="D:\jdk1.8\jre\bin;C:\Windows\Sun\Java\bin;C:\Windows\system32;C:\Windows;C:\Program Files (x86)\Common Files\Oracle\Java\javapath;C:\Windows\system32;C:\Windows;C:\Windows\System32\Wbem;C:\Windows\System32\WindowsPowerShell\v1.0\;C:\Windows\System32\OpenSSH\;D:\jdk1.8\bin;C:\Program Files\Microsoft SQL Server\130\Tools\Binn\;C:\Program Files\MySQL\MySQL Server 5.7\bin;C:\Program Files\MySQL\MySQL Shell 8.0\bin\;C:\Users\Administrator\AppData\Local\Microsoft\WindowsApps;C:\Program Files\Bandizip\;."/>
    <property name="java.vm.info" value="mixed mode"/>
    <property name="java.vendor" value="Oracle Corporation"/>
    <property name="java.vm.version" value="25.221-b11"/>
    <property name="java.ext.dirs" value="D:\jdk1.8\jre\lib\ext;C:\Windows\Sun\Java\lib\ext"/>
    <property name="sun.io.unicode.encoding" value="UnicodeLittle"/>
    <property name="java.class.version" value="52.0"/>
  </properties>
  <testcase name="test01" classname="com.jt.redis.TestRedisSentinel" time="1.012">
    <error message="All sentinels down, cannot determine where is mymaster master is running..." type="redis.clients.jedis.exceptions.JedisConnectionException">redis.clients.jedis.exceptions.JedisConnectionException: All sentinels down, cannot determine where is mymaster master is running...
	at com.jt.redis.TestRedisSentinel.test01(TestRedisSentinel.java:20)
</error>
    <system-out><![CDATA[工具Api的结果192.168.96.133:26379
]]></system-out>
    <system-err><![CDATA[一月 18, 2020 5:42:56 下午 redis.clients.jedis.JedisSentinelPool initSentinels
信息: Trying to find master from available Sentinels...
一月 18, 2020 5:42:57 下午 redis.clients.jedis.JedisSentinelPool initSentinels
警告: Cannot get master address from sentinel running @ 192.168.96.133:26379. Reason: redis.clients.jedis.exceptions.JedisConnectionException: Failed connecting to host 192.168.96.133:26379. Trying next one.
]]></system-err>
  </testcase>
</testsuite>